2026-01-14 12:00:00 [INFO] System startup initiated
2026-01-14 12:00:01 [INFO] Loading application modules
2026-01-14 12:00:02 [INFO] Module: Authentication loaded
2026-01-14 12:00:03 [INFO] Module: Database loaded
2026-01-14 12:00:04 [INFO] Module: API Gateway loaded
2026-01-14 12:00:05 [INFO] Module: Cache Service loaded
2026-01-14 12:00:06 [INFO] All modules loaded successfully
2026-01-14 12:00:10 [INFO] Starting service health checks
2026-01-14 12:00:11 [INFO] Health check: Database OK
2026-01-14 12:00:12 [INFO] Health check: Cache OK
2026-01-14 12:00:13 [INFO] Health check: API Gateway OK
2026-01-14 12:00:14 [INFO] Health check: Email Service OK
2026-01-14 12:00:15 [INFO] All health checks passed
2026-01-14 12:00:20 [INFO] Application ready to serve requests
2026-01-14 12:00:25 [INFO] First request received
2026-01-14 12:00:26 [INFO] User authentication: user@example.com
2026-01-14 12:00:27 [INFO] Authentication successful
2026-01-14 12:00:28 [INFO] Session created: session-xyz-123
2026-01-14 12:00:30 [INFO] GET /api/dashboard - 200 OK
2026-01-14 12:00:31 [INFO] Response time: 45ms
2026-01-14 12:00:35 [INFO] GET /api/users - 200 OK
2026-01-14 12:00:36 [INFO] Response time: 23ms
2026-01-14 12:00:40 [INFO] POST /api/data - 201 Created
2026-01-14 12:00:41 [INFO] Response time: 156ms
2026-01-14 12:00:45 [INFO] Cache hit rate: 95%
2026-01-14 12:00:46 [INFO] Database connection pool: 5/20 active
2026-01-14 12:00:50 [INFO] Background job started: data-sync
2026-01-14 12:00:55 [INFO] Data sync completed: 1,234 records
2026-01-14 12:01:00 [INFO] Scheduled backup initiated
2026-01-14 12:01:05 [INFO] Backup progress: 25%
2026-01-14 12:01:10 [INFO] Backup progress: 50%
2026-01-14 12:01:15 [INFO] Backup progress: 75%
2026-01-14 12:01:20 [INFO] Backup completed successfully
2026-01-14 12:01:25 [INFO] Backup size: 2.5 GB
2026-01-14 12:01:30 [INFO] System performance: CPU 25%, Memory 60%
2026-01-14 12:01:35 [INFO] Active users: 142
2026-01-14 12:01:40 [INFO] Requests processed: 1,567
2026-01-14 12:01:45 [INFO] Average response time: 78ms
2026-01-14 12:01:50 [INFO] System operating normally
